{"C:\\Users\\DANYZ\\OneDrive\\Documentos\\ITESO\\Continuo\\Proyecto\\azure-dev-recipes\\DB\\config.js": {"path":"C:\\Users\\DANYZ\\OneDrive\\Documentos\\ITESO\\Continuo\\Proyecto\\azure-dev-recipes\\DB\\config.js","statementMap":{"0":{"start":{"line":1,"column":0},"end":{"line":1,"column":26}},"1":{"start":{"line":4,"column":0},"end":{"line":11,"column":1}},"2":{"start":{"line":9,"column":8},"end":{"line":9,"column":141}}},"fnMap":{"0":{"name":"(anonymous_0)","decl":{"start":{"line":8,"column":12},"end":{"line":8,"column":13}},"loc":{"start":{"line":8,"column":22},"end":{"line":10,"column":5}},"line":8}},"branchMap":{},"s":{"0":1,"1":1,"2":1},"f":{"0":1},"b":{},"_coverageSchema":"1a1c01bbd47fc00a2c39e90264f33305004495a9","hash":"57213647e6d26e3b5f4f0bbc6df1115b5ce1bb67"}
,"C:\\Users\\DANYZ\\OneDrive\\Documentos\\ITESO\\Continuo\\Proyecto\\azure-dev-recipes\\DB\\connectDB.js": {"path":"C:\\Users\\DANYZ\\OneDrive\\Documentos\\ITESO\\Continuo\\Proyecto\\azure-dev-recipes\\DB\\connectDB.js","statementMap":{"0":{"start":{"line":1,"column":17},"end":{"line":1,"column":36}},"1":{"start":{"line":2,"column":15},"end":{"line":2,"column":34}},"2":{"start":{"line":4,"column":0},"end":{"line":10,"column":54}},"3":{"start":{"line":8,"column":4},"end":{"line":8,"column":35}},"4":{"start":{"line":10,"column":14},"end":{"line":10,"column":53}},"5":{"start":{"line":12,"column":0},"end":{"line":12,"column":27}}},"fnMap":{"0":{"name":"(anonymous_0)","decl":{"start":{"line":7,"column":6},"end":{"line":7,"column":7}},"loc":{"start":{"line":7,"column":10},"end":{"line":9,"column":1}},"line":7},"1":{"name":"(anonymous_1)","decl":{"start":{"line":10,"column":7},"end":{"line":10,"column":8}},"loc":{"start":{"line":10,"column":14},"end":{"line":10,"column":53}},"line":10}},"branchMap":{},"s":{"0":1,"1":1,"2":1,"3":1,"4":0,"5":1},"f":{"0":1,"1":0},"b":{},"_coverageSchema":"1a1c01bbd47fc00a2c39e90264f33305004495a9","hash":"c19565a0be84118f5dfe4bd5a1b741362210f37b"}
,"C:\\Users\\DANYZ\\OneDrive\\Documentos\\ITESO\\Continuo\\Proyecto\\azure-dev-recipes\\models\\Message.js": {"path":"C:\\Users\\DANYZ\\OneDrive\\Documentos\\ITESO\\Continuo\\Proyecto\\azure-dev-recipes\\models\\Message.js","statementMap":{"0":{"start":{"line":1,"column":17},"end":{"line":1,"column":36}},"1":{"start":{"line":2,"column":15},"end":{"line":2,"column":32}},"2":{"start":{"line":3,"column":17},"end":{"line":3,"column":36}},"3":{"start":{"line":6,"column":20},"end":{"line":19,"column":2}},"4":{"start":{"line":21,"column":0},"end":{"line":32,"column":1}},"5":{"start":{"line":22,"column":15},"end":{"line":22,"column":23}},"6":{"start":{"line":24,"column":4},"end":{"line":24,"column":29}},"7":{"start":{"line":26,"column":21},"end":{"line":26,"column":38}},"8":{"start":{"line":27,"column":14},"end":{"line":27,"column":37}},"9":{"start":{"line":29,"column":4},"end":{"line":29,"column":48}},"10":{"start":{"line":30,"column":4},"end":{"line":30,"column":15}},"11":{"start":{"line":34,"column":0},"end":{"line":38,"column":1}},"12":{"start":{"line":35,"column":24},"end":{"line":35,"column":58}},"13":{"start":{"line":36,"column":3},"end":{"line":36,"column":31}},"14":{"start":{"line":37,"column":3},"end":{"line":37,"column":25}},"15":{"start":{"line":40,"column":0},"end":{"line":46,"column":2}},"16":{"start":{"line":41,"column":25},"end":{"line":43,"column":19}},"17":{"start":{"line":44,"column":8},"end":{"line":44,"column":36}},"18":{"start":{"line":45,"column":4},"end":{"line":45,"column":26}},"19":{"start":{"line":50,"column":11},"end":{"line":50,"column":51}},"20":{"start":{"line":52,"column":0},"end":{"line":52,"column":24}}},"fnMap":{"0":{"name":"(anonymous_0)","decl":{"start":{"line":21,"column":36},"end":{"line":21,"column":37}},"loc":{"start":{"line":21,"column":77},"end":{"line":32,"column":1}},"line":21},"1":{"name":"(anonymous_1)","decl":{"start":{"line":34,"column":38},"end":{"line":34,"column":39}},"loc":{"start":{"line":34,"column":61},"end":{"line":38,"column":1}},"line":34},"2":{"name":"(anonymous_2)","decl":{"start":{"line":40,"column":36},"end":{"line":40,"column":37}},"loc":{"start":{"line":40,"column":71},"end":{"line":46,"column":2}},"line":40}},"branchMap":{},"s":{"0":1,"1":1,"2":1,"3":1,"4":1,"5":0,"6":0,"7":0,"8":0,"9":0,"10":0,"11":1,"12":0,"13":0,"14":0,"15":1,"16":0,"17":0,"18":0,"19":1,"20":1},"f":{"0":0,"1":0,"2":0},"b":{},"_coverageSchema":"1a1c01bbd47fc00a2c39e90264f33305004495a9","hash":"9bb8a8f9b1fa835fa7db7a0fae7a4041a04ddf25"}
,"C:\\Users\\DANYZ\\OneDrive\\Documentos\\ITESO\\Continuo\\Proyecto\\azure-dev-recipes\\models\\Review.js": {"path":"C:\\Users\\DANYZ\\OneDrive\\Documentos\\ITESO\\Continuo\\Proyecto\\azure-dev-recipes\\models\\Review.js","statementMap":{"0":{"start":{"line":1,"column":19},"end":{"line":1,"column":45}},"1":{"start":{"line":2,"column":17},"end":{"line":2,"column":47}},"2":{"start":{"line":3,"column":17},"end":{"line":3,"column":45}},"3":{"start":{"line":5,"column":19},"end":{"line":25,"column":2}},"4":{"start":{"line":27,"column":0},"end":{"line":46,"column":1}},"5":{"start":{"line":28,"column":4},"end":{"line":28,"column":28}},"6":{"start":{"line":30,"column":22},"end":{"line":30,"column":32}},"7":{"start":{"line":32,"column":26},"end":{"line":32,"column":65}},"8":{"start":{"line":34,"column":4},"end":{"line":34,"column":47}},"9":{"start":{"line":36,"column":20},"end":{"line":36,"column":38}},"10":{"start":{"line":37,"column":14},"end":{"line":37,"column":36}},"11":{"start":{"line":39,"column":19},"end":{"line":39,"column":47}},"12":{"start":{"line":41,"column":4},"end":{"line":41,"column":42}},"13":{"start":{"line":42,"column":4},"end":{"line":42,"column":47}},"14":{"start":{"line":43,"column":4},"end":{"line":43,"column":43}},"15":{"start":{"line":44,"column":4},"end":{"line":44,"column":15}},"16":{"start":{"line":48,"column":0},"end":{"line":58,"column":1}},"17":{"start":{"line":49,"column":4},"end":{"line":49,"column":29}},"18":{"start":{"line":51,"column":23},"end":{"line":53,"column":63}},"19":{"start":{"line":55,"column":4},"end":{"line":55,"column":43}},"20":{"start":{"line":56,"column":4},"end":{"line":56,"column":24}},"21":{"start":{"line":60,"column":0},"end":{"line":68,"column":1}},"22":{"start":{"line":61,"column":4},"end":{"line":61,"column":31}},"23":{"start":{"line":62,"column":4},"end":{"line":62,"column":46}},"24":{"start":{"line":63,"column":4},"end":{"line":63,"column":46}},"25":{"start":{"line":64,"column":4},"end":{"line":64,"column":43}},"26":{"start":{"line":65,"column":24},"end":{"line":65,"column":60}},"27":{"start":{"line":66,"column":4},"end":{"line":66,"column":31}},"28":{"start":{"line":67,"column":4},"end":{"line":67,"column":25}},"29":{"start":{"line":70,"column":13},"end":{"line":70,"column":51}},"30":{"start":{"line":72,"column":0},"end":{"line":72,"column":26}}},"fnMap":{"0":{"name":"(anonymous_0)","decl":{"start":{"line":27,"column":34},"end":{"line":27,"column":35}},"loc":{"start":{"line":27,"column":68},"end":{"line":46,"column":1}},"line":27},"1":{"name":"(anonymous_1)","decl":{"start":{"line":48,"column":36},"end":{"line":48,"column":37}},"loc":{"start":{"line":48,"column":70},"end":{"line":58,"column":1}},"line":48},"2":{"name":"(anonymous_2)","decl":{"start":{"line":60,"column":36},"end":{"line":60,"column":37}},"loc":{"start":{"line":60,"column":69},"end":{"line":68,"column":1}},"line":60}},"branchMap":{},"s":{"0":1,"1":1,"2":1,"3":1,"4":1,"5":0,"6":0,"7":0,"8":0,"9":0,"10":0,"11":0,"12":0,"13":0,"14":0,"15":0,"16":1,"17":0,"18":0,"19":0,"20":0,"21":1,"22":0,"23":0,"24":0,"25":0,"26":0,"27":0,"28":0,"29":1,"30":1},"f":{"0":0,"1":0,"2":0},"b":{},"_coverageSchema":"1a1c01bbd47fc00a2c39e90264f33305004495a9","hash":"c32d80858bfbeba1a13f84945c03d7949d5237d7"}
,"C:\\Users\\DANYZ\\OneDrive\\Documentos\\ITESO\\Continuo\\Proyecto\\azure-dev-recipes\\routes\\authRoutes.js": {"path":"C:\\Users\\DANYZ\\OneDrive\\Documentos\\ITESO\\Continuo\\Proyecto\\azure-dev-recipes\\routes\\authRoutes.js","statementMap":{"0":{"start":{"line":1,"column":15},"end":{"line":1,"column":42}},"1":{"start":{"line":2,"column":10},"end":{"line":2,"column":28}},"2":{"start":{"line":3,"column":15},"end":{"line":3,"column":40}},"3":{"start":{"line":4,"column":12},"end":{"line":4,"column":35}},"4":{"start":{"line":5,"column":13},"end":{"line":5,"column":42}},"5":{"start":{"line":7,"column":0},"end":{"line":22,"column":2}},"6":{"start":{"line":8,"column":28},"end":{"line":8,"column":36}},"7":{"start":{"line":9,"column":4},"end":{"line":9,"column":23}},"8":{"start":{"line":10,"column":15},"end":{"line":10,"column":51}},"9":{"start":{"line":11,"column":4},"end":{"line":14,"column":5}},"10":{"start":{"line":12,"column":8},"end":{"line":12,"column":70}},"11":{"start":{"line":13,"column":8},"end":{"line":13,"column":14}},"12":{"start":{"line":18,"column":16},"end":{"line":18,"column":111}},"13":{"start":{"line":21,"column":4},"end":{"line":21,"column":21}},"14":{"start":{"line":24,"column":0},"end":{"line":42,"column":2}},"15":{"start":{"line":25,"column":28},"end":{"line":25,"column":36}},"16":{"start":{"line":26,"column":4},"end":{"line":26,"column":23}},"17":{"start":{"line":27,"column":15},"end":{"line":27,"column":51}},"18":{"start":{"line":28,"column":4},"end":{"line":31,"column":5}},"19":{"start":{"line":29,"column":8},"end":{"line":29,"column":70}},"20":{"start":{"line":30,"column":8},"end":{"line":30,"column":14}},"21":{"start":{"line":35,"column":16},"end":{"line":35,"column":111}},"22":{"start":{"line":37,"column":4},"end":{"line":40,"column":32}},"23":{"start":{"line":44,"column":0},"end":{"line":47,"column":2}},"24":{"start":{"line":45,"column":4},"end":{"line":46,"column":53}},"25":{"start":{"line":50,"column":0},"end":{"line":50,"column":24}}},"fnMap":{"0":{"name":"(anonymous_0)","decl":{"start":{"line":7,"column":22},"end":{"line":7,"column":23}},"loc":{"start":{"line":7,"column":38},"end":{"line":22,"column":1}},"line":7},"1":{"name":"(anonymous_1)","decl":{"start":{"line":24,"column":23},"end":{"line":24,"column":24}},"loc":{"start":{"line":24,"column":39},"end":{"line":42,"column":1}},"line":24},"2":{"name":"(anonymous_2)","decl":{"start":{"line":44,"column":52},"end":{"line":44,"column":53}},"loc":{"start":{"line":44,"column":63},"end":{"line":47,"column":1}},"line":44}},"branchMap":{"0":{"loc":{"start":{"line":11,"column":4},"end":{"line":14,"column":5}},"type":"if","locations":[{"start":{"line":11,"column":4},"end":{"line":14,"column":5}},{"start":{},"end":{}}],"line":11},"1":{"loc":{"start":{"line":28,"column":4},"end":{"line":31,"column":5}},"type":"if","locations":[{"start":{"line":28,"column":4},"end":{"line":31,"column":5}},{"start":{},"end":{}}],"line":28}},"s":{"0":1,"1":1,"2":1,"3":1,"4":1,"5":1,"6":2,"7":2,"8":2,"9":2,"10":1,"11":1,"12":1,"13":1,"14":1,"15":0,"16":0,"17":0,"18":0,"19":0,"20":0,"21":0,"22":0,"23":1,"24":1,"25":1},"f":{"0":2,"1":0,"2":1},"b":{"0":[1,1],"1":[0,0]},"_coverageSchema":"1a1c01bbd47fc00a2c39e90264f33305004495a9","hash":"18ca12dbaad649cb208e50631161725c27a87835"}
,"C:\\Users\\DANYZ\\OneDrive\\Documentos\\ITESO\\Continuo\\Proyecto\\azure-dev-recipes\\routes\\categoryRoutes.js": {"path":"C:\\Users\\DANYZ\\OneDrive\\Documentos\\ITESO\\Continuo\\Proyecto\\azure-dev-recipes\\routes\\categoryRoutes.js","statementMap":{"0":{"start":{"line":1,"column":15},"end":{"line":1,"column":42}},"1":{"start":{"line":2,"column":13},"end":{"line":2,"column":45}},"2":{"start":{"line":3,"column":21},"end":{"line":3,"column":53}},"3":{"start":{"line":6,"column":0},"end":{"line":10,"column":3}},"4":{"start":{"line":7,"column":18},"end":{"line":7,"column":20}},"5":{"start":{"line":8,"column":21},"end":{"line":8,"column":70}},"6":{"start":{"line":9,"column":4},"end":{"line":9,"column":25}},"7":{"start":{"line":12,"column":0},"end":{"line":17,"column":3}},"8":{"start":{"line":13,"column":4},"end":{"line":13,"column":26}},"9":{"start":{"line":14,"column":19},"end":{"line":14,"column":27}},"10":{"start":{"line":15,"column":22},"end":{"line":15,"column":59}},"11":{"start":{"line":16,"column":4},"end":{"line":16,"column":26}},"12":{"start":{"line":19,"column":0},"end":{"line":19,"column":24}}},"fnMap":{"0":{"name":"(anonymous_0)","decl":{"start":{"line":6,"column":15},"end":{"line":6,"column":16}},"loc":{"start":{"line":6,"column":34},"end":{"line":10,"column":1}},"line":6},"1":{"name":"(anonymous_1)","decl":{"start":{"line":12,"column":47},"end":{"line":12,"column":48}},"loc":{"start":{"line":12,"column":67},"end":{"line":17,"column":1}},"line":12}},"branchMap":{},"s":{"0":1,"1":1,"2":1,"3":1,"4":1,"5":1,"6":1,"7":1,"8":2,"9":2,"10":2,"11":1,"12":1},"f":{"0":1,"1":2},"b":{},"_coverageSchema":"1a1c01bbd47fc00a2c39e90264f33305004495a9","hash":"f738c6857a567096b9dd733050cba0b39dee8446"}
,"C:\\Users\\DANYZ\\OneDrive\\Documentos\\ITESO\\Continuo\\Proyecto\\azure-dev-recipes\\routes\\recipeRoutes.js": {"path":"C:\\Users\\DANYZ\\OneDrive\\Documentos\\ITESO\\Continuo\\Proyecto\\azure-dev-recipes\\routes\\recipeRoutes.js","statementMap":{"0":{"start":{"line":1,"column":15},"end":{"line":1,"column":42}},"1":{"start":{"line":2,"column":26},"end":{"line":2,"column":40}},"2":{"start":{"line":3,"column":16},"end":{"line":3,"column":51}},"3":{"start":{"line":4,"column":17},"end":{"line":4,"column":47}},"4":{"start":{"line":5,"column":11},"end":{"line":5,"column":24}},"5":{"start":{"line":6,"column":15},"end":{"line":6,"column":43}},"6":{"start":{"line":7,"column":13},"end":{"line":7,"column":45}},"7":{"start":{"line":8,"column":15},"end":{"line":8,"column":46}},"8":{"start":{"line":9,"column":17},"end":{"line":9,"column":47}},"9":{"start":{"line":12,"column":0},"end":{"line":16,"column":3}},"10":{"start":{"line":13,"column":18},"end":{"line":13,"column":20}},"11":{"start":{"line":14,"column":18},"end":{"line":14,"column":79}},"12":{"start":{"line":15,"column":4},"end":{"line":15,"column":22}},"13":{"start":{"line":18,"column":0},"end":{"line":72,"column":3}},"14":{"start":{"line":19,"column":4},"end":{"line":71,"column":5}},"15":{"start":{"line":20,"column":22},"end":{"line":20,"column":24}},"16":{"start":{"line":23,"column":8},"end":{"line":63,"column":9}},"17":{"start":{"line":25,"column":12},"end":{"line":62,"column":13}},"18":{"start":{"line":26,"column":16},"end":{"line":61,"column":17}},"19":{"start":{"line":27,"column":20},"end":{"line":60,"column":21}},"20":{"start":{"line":28,"column":24},"end":{"line":28,"column":54}},"21":{"start":{"line":29,"column":24},"end":{"line":29,"column":80}},"22":{"start":{"line":30,"column":27},"end":{"line":60,"column":21}},"23":{"start":{"line":32,"column":42},"end":{"line":32,"column":66}},"24":{"start":{"line":34,"column":24},"end":{"line":37,"column":26}},"25":{"start":{"line":38,"column":27},"end":{"line":60,"column":21}},"26":{"start":{"line":40,"column":46},"end":{"line":40,"column":74}},"27":{"start":{"line":41,"column":24},"end":{"line":41,"column":53}},"28":{"start":{"line":42,"column":27},"end":{"line":60,"column":21}},"29":{"start":{"line":44,"column":46},"end":{"line":44,"column":74}},"30":{"start":{"line":45,"column":24},"end":{"line":45,"column":62}},"31":{"start":{"line":46,"column":27},"end":{"line":60,"column":21}},"32":{"start":{"line":48,"column":46},"end":{"line":48,"column":74}},"33":{"start":{"line":49,"column":24},"end":{"line":49,"column":63}},"34":{"start":{"line":50,"column":27},"end":{"line":60,"column":21}},"35":{"start":{"line":52,"column":46},"end":{"line":52,"column":74}},"36":{"start":{"line":53,"column":24},"end":{"line":53,"column":63}},"37":{"start":{"line":54,"column":27},"end":{"line":60,"column":21}},"38":{"start":{"line":56,"column":46},"end":{"line":56,"column":74}},"39":{"start":{"line":57,"column":24},"end":{"line":57,"column":62}},"40":{"start":{"line":59,"column":24},"end":{"line":59,"column":54}},"41":{"start":{"line":65,"column":8},"end":{"line":65,"column":40}},"42":{"start":{"line":66,"column":22},"end":{"line":66,"column":62}},"43":{"start":{"line":67,"column":8},"end":{"line":67,"column":26}},"44":{"start":{"line":69,"column":8},"end":{"line":69,"column":56}},"45":{"start":{"line":70,"column":8},"end":{"line":70,"column":66}},"46":{"start":{"line":74,"column":0},"end":{"line":79,"column":3}},"47":{"start":{"line":75,"column":4},"end":{"line":75,"column":48}},"48":{"start":{"line":76,"column":23},"end":{"line":76,"column":55}},"49":{"start":{"line":78,"column":4},"end":{"line":78,"column":23}},"50":{"start":{"line":81,"column":0},"end":{"line":84,"column":3}},"51":{"start":{"line":82,"column":18},"end":{"line":82,"column":50}},"52":{"start":{"line":83,"column":4},"end":{"line":83,"column":22}},"53":{"start":{"line":86,"column":0},"end":{"line":94,"column":3}},"54":{"start":{"line":87,"column":17},"end":{"line":87,"column":59}},"55":{"start":{"line":88,"column":4},"end":{"line":91,"column":5}},"56":{"start":{"line":89,"column":8},"end":{"line":89,"column":53}},"57":{"start":{"line":90,"column":8},"end":{"line":90,"column":15}},"58":{"start":{"line":92,"column":17},"end":{"line":92,"column":75}},"59":{"start":{"line":93,"column":4},"end":{"line":93,"column":21}},"60":{"start":{"line":96,"column":0},"end":{"line":104,"column":3}},"61":{"start":{"line":97,"column":17},"end":{"line":97,"column":59}},"62":{"start":{"line":98,"column":4},"end":{"line":101,"column":5}},"63":{"start":{"line":99,"column":8},"end":{"line":99,"column":53}},"64":{"start":{"line":100,"column":8},"end":{"line":100,"column":15}},"65":{"start":{"line":102,"column":17},"end":{"line":102,"column":78}},"66":{"start":{"line":103,"column":4},"end":{"line":103,"column":21}},"67":{"start":{"line":106,"column":0},"end":{"line":109,"column":2}},"68":{"start":{"line":107,"column":15},"end":{"line":107,"column":56}},"69":{"start":{"line":108,"column":4},"end":{"line":108,"column":19}},"70":{"start":{"line":112,"column":0},"end":{"line":118,"column":3}},"71":{"start":{"line":113,"column":4},"end":{"line":113,"column":21}},"72":{"start":{"line":114,"column":4},"end":{"line":114,"column":26}},"73":{"start":{"line":115,"column":17},"end":{"line":115,"column":25}},"74":{"start":{"line":116,"column":20},"end":{"line":116,"column":74}},"75":{"start":{"line":117,"column":4},"end":{"line":117,"column":21}},"76":{"start":{"line":121,"column":0},"end":{"line":130,"column":3}},"77":{"start":{"line":122,"column":18},"end":{"line":122,"column":20}},"78":{"start":{"line":123,"column":17},"end":{"line":123,"column":61}},"79":{"start":{"line":124,"column":4},"end":{"line":127,"column":5}},"80":{"start":{"line":125,"column":8},"end":{"line":125,"column":57}},"81":{"start":{"line":126,"column":8},"end":{"line":126,"column":15}},"82":{"start":{"line":129,"column":4},"end":{"line":129,"column":20}},"83":{"start":{"line":133,"column":0},"end":{"line":154,"column":3}},"84":{"start":{"line":134,"column":21},"end":{"line":134,"column":40}},"85":{"start":{"line":135,"column":17},"end":{"line":135,"column":50}},"86":{"start":{"line":136,"column":4},"end":{"line":136,"column":24}},"87":{"start":{"line":137,"column":4},"end":{"line":140,"column":5}},"88":{"start":{"line":138,"column":8},"end":{"line":138,"column":57}},"89":{"start":{"line":139,"column":8},"end":{"line":139,"column":15}},"90":{"start":{"line":142,"column":4},"end":{"line":145,"column":5}},"91":{"start":{"line":143,"column":8},"end":{"line":143,"column":66}},"92":{"start":{"line":144,"column":8},"end":{"line":144,"column":14}},"93":{"start":{"line":147,"column":4},"end":{"line":150,"column":5}},"94":{"start":{"line":147,"column":17},"end":{"line":147,"column":18}},"95":{"start":{"line":149,"column":8},"end":{"line":149,"column":91}},"96":{"start":{"line":151,"column":24},"end":{"line":151,"column":59}},"97":{"start":{"line":152,"column":4},"end":{"line":152,"column":66}},"98":{"start":{"line":153,"column":4},"end":{"line":153,"column":28}},"99":{"start":{"line":157,"column":0},"end":{"line":175,"column":3}},"100":{"start":{"line":158,"column":17},"end":{"line":158,"column":59}},"101":{"start":{"line":160,"column":4},"end":{"line":160,"column":46}},"102":{"start":{"line":161,"column":4},"end":{"line":165,"column":5}},"103":{"start":{"line":163,"column":8},"end":{"line":163,"column":57}},"104":{"start":{"line":164,"column":8},"end":{"line":164,"column":14}},"105":{"start":{"line":167,"column":4},"end":{"line":170,"column":5}},"106":{"start":{"line":168,"column":8},"end":{"line":168,"column":62}},"107":{"start":{"line":169,"column":8},"end":{"line":169,"column":14}},"108":{"start":{"line":172,"column":23},"end":{"line":172,"column":70}},"109":{"start":{"line":174,"column":4},"end":{"line":174,"column":26}},"110":{"start":{"line":178,"column":0},"end":{"line":206,"column":3}},"111":{"start":{"line":179,"column":4},"end":{"line":205,"column":5}},"112":{"start":{"line":180,"column":21},"end":{"line":180,"column":33}},"113":{"start":{"line":181,"column":28},"end":{"line":181,"column":36}},"114":{"start":{"line":182,"column":25},"end":{"line":182,"column":44}},"115":{"start":{"line":184,"column":8},"end":{"line":184,"column":25}},"116":{"start":{"line":187,"column":23},"end":{"line":187,"column":54}},"117":{"start":{"line":188,"column":8},"end":{"line":190,"column":9}},"118":{"start":{"line":189,"column":12},"end":{"line":189,"column":77}},"119":{"start":{"line":193,"column":24},"end":{"line":193,"column":51}},"120":{"start":{"line":196,"column":8},"end":{"line":196,"column":29}},"121":{"start":{"line":199,"column":8},"end":{"line":199,"column":38}},"122":{"start":{"line":200,"column":8},"end":{"line":200,"column":28}},"123":{"start":{"line":202,"column":8},"end":{"line":202,"column":96}},"124":{"start":{"line":204,"column":8},"end":{"line":204,"column":112}},"125":{"start":{"line":208,"column":0},"end":{"line":208,"column":24}}},"fnMap":{"0":{"name":"(anonymous_0)","decl":{"start":{"line":12,"column":42},"end":{"line":12,"column":43}},"loc":{"start":{"line":12,"column":62},"end":{"line":16,"column":1}},"line":12},"1":{"name":"(anonymous_1)","decl":{"start":{"line":18,"column":22},"end":{"line":18,"column":23}},"loc":{"start":{"line":18,"column":42},"end":{"line":72,"column":1}},"line":18},"2":{"name":"(anonymous_2)","decl":{"start":{"line":74,"column":50},"end":{"line":74,"column":51}},"loc":{"start":{"line":74,"column":67},"end":{"line":79,"column":1}},"line":74},"3":{"name":"(anonymous_3)","decl":{"start":{"line":81,"column":55},"end":{"line":81,"column":56}},"loc":{"start":{"line":81,"column":72},"end":{"line":84,"column":1}},"line":81},"4":{"name":"(anonymous_4)","decl":{"start":{"line":86,"column":66},"end":{"line":86,"column":67}},"loc":{"start":{"line":86,"column":83},"end":{"line":94,"column":1}},"line":86},"5":{"name":"(anonymous_5)","decl":{"start":{"line":96,"column":68},"end":{"line":96,"column":69}},"loc":{"start":{"line":96,"column":85},"end":{"line":104,"column":1}},"line":96},"6":{"name":"(anonymous_6)","decl":{"start":{"line":106,"column":30},"end":{"line":106,"column":31}},"loc":{"start":{"line":106,"column":48},"end":{"line":109,"column":1}},"line":106},"7":{"name":"(anonymous_7)","decl":{"start":{"line":112,"column":46},"end":{"line":112,"column":47}},"loc":{"start":{"line":112,"column":66},"end":{"line":118,"column":1}},"line":112},"8":{"name":"(anonymous_8)","decl":{"start":{"line":121,"column":55},"end":{"line":121,"column":56}},"loc":{"start":{"line":121,"column":75},"end":{"line":130,"column":1}},"line":121},"9":{"name":"(anonymous_9)","decl":{"start":{"line":133,"column":57},"end":{"line":133,"column":58}},"loc":{"start":{"line":133,"column":77},"end":{"line":154,"column":1}},"line":133},"10":{"name":"(anonymous_10)","decl":{"start":{"line":157,"column":55},"end":{"line":157,"column":56}},"loc":{"start":{"line":157,"column":75},"end":{"line":175,"column":1}},"line":157},"11":{"name":"(anonymous_11)","decl":{"start":{"line":178,"column":59},"end":{"line":178,"column":60}},"loc":{"start":{"line":178,"column":79},"end":{"line":206,"column":1}},"line":178}},"branchMap":{"0":{"loc":{"start":{"line":23,"column":8},"end":{"line":63,"column":9}},"type":"if","locations":[{"start":{"line":23,"column":8},"end":{"line":63,"column":9}},{"start":{},"end":{}}],"line":23},"1":{"loc":{"start":{"line":26,"column":16},"end":{"line":61,"column":17}},"type":"if","locations":[{"start":{"line":26,"column":16},"end":{"line":61,"column":17}},{"start":{},"end":{}}],"line":26},"2":{"loc":{"start":{"line":27,"column":20},"end":{"line":60,"column":21}},"type":"if","locations":[{"start":{"line":27,"column":20},"end":{"line":60,"column":21}},{"start":{"line":30,"column":27},"end":{"line":60,"column":21}}],"line":27},"3":{"loc":{"start":{"line":27,"column":24},"end":{"line":27,"column":84}},"type":"binary-expr","locations":[{"start":{"line":27,"column":24},"end":{"line":27,"column":39}},{"start":{"line":27,"column":43},"end":{"line":27,"column":64}},{"start":{"line":27,"column":68},"end":{"line":27,"column":84}}],"line":27},"4":{"loc":{"start":{"line":30,"column":27},"end":{"line":60,"column":21}},"type":"if","locations":[{"start":{"line":30,"column":27},"end":{"line":60,"column":21}},{"start":{"line":38,"column":27},"end":{"line":60,"column":21}}],"line":30},"5":{"loc":{"start":{"line":38,"column":27},"end":{"line":60,"column":21}},"type":"if","locations":[{"start":{"line":38,"column":27},"end":{"line":60,"column":21}},{"start":{"line":42,"column":27},"end":{"line":60,"column":21}}],"line":38},"6":{"loc":{"start":{"line":38,"column":31},"end":{"line":38,"column":73}},"type":"binary-expr","locations":[{"start":{"line":38,"column":31},"end":{"line":38,"column":50}},{"start":{"line":38,"column":54},"end":{"line":38,"column":73}}],"line":38},"7":{"loc":{"start":{"line":42,"column":27},"end":{"line":60,"column":21}},"type":"if","locations":[{"start":{"line":42,"column":27},"end":{"line":60,"column":21}},{"start":{"line":46,"column":27},"end":{"line":60,"column":21}}],"line":42},"8":{"loc":{"start":{"line":42,"column":31},"end":{"line":42,"column":79}},"type":"binary-expr","locations":[{"start":{"line":42,"column":31},"end":{"line":42,"column":53}},{"start":{"line":42,"column":57},"end":{"line":42,"column":79}}],"line":42},"9":{"loc":{"start":{"line":46,"column":27},"end":{"line":60,"column":21}},"type":"if","locations":[{"start":{"line":46,"column":27},"end":{"line":60,"column":21}},{"start":{"line":50,"column":27},"end":{"line":60,"column":21}}],"line":46},"10":{"loc":{"start":{"line":46,"column":31},"end":{"line":46,"column":81}},"type":"binary-expr","locations":[{"start":{"line":46,"column":31},"end":{"line":46,"column":54}},{"start":{"line":46,"column":58},"end":{"line":46,"column":81}}],"line":46},"11":{"loc":{"start":{"line":50,"column":27},"end":{"line":60,"column":21}},"type":"if","locations":[{"start":{"line":50,"column":27},"end":{"line":60,"column":21}},{"start":{"line":54,"column":27},"end":{"line":60,"column":21}}],"line":50},"12":{"loc":{"start":{"line":50,"column":31},"end":{"line":50,"column":81}},"type":"binary-expr","locations":[{"start":{"line":50,"column":31},"end":{"line":50,"column":54}},{"start":{"line":50,"column":58},"end":{"line":50,"column":81}}],"line":50},"13":{"loc":{"start":{"line":54,"column":27},"end":{"line":60,"column":21}},"type":"if","locations":[{"start":{"line":54,"column":27},"end":{"line":60,"column":21}},{"start":{"line":58,"column":27},"end":{"line":60,"column":21}}],"line":54},"14":{"loc":{"start":{"line":54,"column":31},"end":{"line":54,"column":79}},"type":"binary-expr","locations":[{"start":{"line":54,"column":31},"end":{"line":54,"column":53}},{"start":{"line":54,"column":57},"end":{"line":54,"column":79}}],"line":54},"15":{"loc":{"start":{"line":88,"column":4},"end":{"line":91,"column":5}},"type":"if","locations":[{"start":{"line":88,"column":4},"end":{"line":91,"column":5}},{"start":{},"end":{}}],"line":88},"16":{"loc":{"start":{"line":98,"column":4},"end":{"line":101,"column":5}},"type":"if","locations":[{"start":{"line":98,"column":4},"end":{"line":101,"column":5}},{"start":{},"end":{}}],"line":98},"17":{"loc":{"start":{"line":124,"column":4},"end":{"line":127,"column":5}},"type":"if","locations":[{"start":{"line":124,"column":4},"end":{"line":127,"column":5}},{"start":{},"end":{}}],"line":124},"18":{"loc":{"start":{"line":137,"column":4},"end":{"line":140,"column":5}},"type":"if","locations":[{"start":{"line":137,"column":4},"end":{"line":140,"column":5}},{"start":{},"end":{}}],"line":137},"19":{"loc":{"start":{"line":142,"column":4},"end":{"line":145,"column":5}},"type":"if","locations":[{"start":{"line":142,"column":4},"end":{"line":145,"column":5}},{"start":{},"end":{}}],"line":142},"20":{"loc":{"start":{"line":161,"column":4},"end":{"line":165,"column":5}},"type":"if","locations":[{"start":{"line":161,"column":4},"end":{"line":165,"column":5}},{"start":{},"end":{}}],"line":161},"21":{"loc":{"start":{"line":167,"column":4},"end":{"line":170,"column":5}},"type":"if","locations":[{"start":{"line":167,"column":4},"end":{"line":170,"column":5}},{"start":{},"end":{}}],"line":167},"22":{"loc":{"start":{"line":188,"column":8},"end":{"line":190,"column":9}},"type":"if","locations":[{"start":{"line":188,"column":8},"end":{"line":190,"column":9}},{"start":{},"end":{}}],"line":188}},"s":{"0":1,"1":1,"2":1,"3":1,"4":1,"5":1,"6":1,"7":1,"8":1,"9":1,"10":1,"11":1,"12":1,"13":1,"14":0,"15":0,"16":0,"17":0,"18":0,"19":0,"20":0,"21":0,"22":0,"23":0,"24":0,"25":0,"26":0,"27":0,"28":0,"29":0,"30":0,"31":0,"32":0,"33":0,"34":0,"35":0,"36":0,"37":0,"38":0,"39":0,"40":0,"41":0,"42":0,"43":0,"44":0,"45":0,"46":1,"47":0,"48":0,"49":0,"50":1,"51":0,"52":0,"53":1,"54":0,"55":0,"56":0,"57":0,"58":0,"59":0,"60":1,"61":0,"62":0,"63":0,"64":0,"65":0,"66":0,"67":1,"68":0,"69":0,"70":1,"71":1,"72":1,"73":1,"74":1,"75":1,"76":1,"77":2,"78":2,"79":2,"80":1,"81":1,"82":1,"83":1,"84":3,"85":3,"86":3,"87":3,"88":1,"89":1,"90":2,"91":1,"92":1,"93":1,"94":1,"95":0,"96":0,"97":0,"98":0,"99":1,"100":0,"101":0,"102":0,"103":0,"104":0,"105":0,"106":0,"107":0,"108":0,"109":0,"110":1,"111":0,"112":0,"113":0,"114":0,"115":0,"116":0,"117":0,"118":0,"119":0,"120":0,"121":0,"122":0,"123":0,"124":0,"125":1},"f":{"0":1,"1":0,"2":0,"3":0,"4":0,"5":0,"6":0,"7":1,"8":2,"9":3,"10":0,"11":0},"b":{"0":[0,0],"1":[0,0],"2":[0,0],"3":[0,0,0],"4":[0,0],"5":[0,0],"6":[0,0],"7":[0,0],"8":[0,0],"9":[0,0],"10":[0,0],"11":[0,0],"12":[0,0],"13":[0,0],"14":[0,0],"15":[0,0],"16":[0,0],"17":[1,1],"18":[1,2],"19":[1,1],"20":[0,0],"21":[0,0],"22":[0,0]},"_coverageSchema":"1a1c01bbd47fc00a2c39e90264f33305004495a9","hash":"9b2cfcd66c4ff3fed7ca3763bb228447fac3fa55"}
,"C:\\Users\\DANYZ\\OneDrive\\Documentos\\ITESO\\Continuo\\Proyecto\\azure-dev-recipes\\routes\\reviewRoutes.js": {"path":"C:\\Users\\DANYZ\\OneDrive\\Documentos\\ITESO\\Continuo\\Proyecto\\azure-dev-recipes\\routes\\reviewRoutes.js","statementMap":{"0":{"start":{"line":1,"column":15},"end":{"line":1,"column":42}},"1":{"start":{"line":2,"column":26},"end":{"line":2,"column":40}},"2":{"start":{"line":3,"column":16},"end":{"line":3,"column":51}},"3":{"start":{"line":4,"column":11},"end":{"line":4,"column":24}},"4":{"start":{"line":5,"column":13},"end":{"line":5,"column":45}},"5":{"start":{"line":6,"column":17},"end":{"line":6,"column":47}},"6":{"start":{"line":7,"column":19},"end":{"line":7,"column":49}},"7":{"start":{"line":9,"column":0},"end":{"line":14,"column":3}},"8":{"start":{"line":10,"column":18},"end":{"line":10,"column":20}},"9":{"start":{"line":11,"column":4},"end":{"line":11,"column":26}},"10":{"start":{"line":12,"column":18},"end":{"line":12,"column":67}},"11":{"start":{"line":13,"column":4},"end":{"line":13,"column":22}},"12":{"start":{"line":16,"column":0},"end":{"line":21,"column":3}},"13":{"start":{"line":17,"column":4},"end":{"line":17,"column":26}},"14":{"start":{"line":18,"column":17},"end":{"line":18,"column":25}},"15":{"start":{"line":19,"column":20},"end":{"line":19,"column":81}},"16":{"start":{"line":20,"column":4},"end":{"line":20,"column":24}},"17":{"start":{"line":23,"column":0},"end":{"line":40,"column":3}},"18":{"start":{"line":25,"column":17},"end":{"line":25,"column":59}},"19":{"start":{"line":27,"column":4},"end":{"line":30,"column":5}},"20":{"start":{"line":28,"column":8},"end":{"line":28,"column":57}},"21":{"start":{"line":29,"column":8},"end":{"line":29,"column":15}},"22":{"start":{"line":32,"column":4},"end":{"line":35,"column":5}},"23":{"start":{"line":33,"column":8},"end":{"line":33,"column":66}},"24":{"start":{"line":34,"column":8},"end":{"line":34,"column":14}},"25":{"start":{"line":37,"column":4},"end":{"line":37,"column":26}},"26":{"start":{"line":38,"column":23},"end":{"line":38,"column":91}},"27":{"start":{"line":39,"column":4},"end":{"line":39,"column":27}},"28":{"start":{"line":43,"column":0},"end":{"line":58,"column":3}},"29":{"start":{"line":44,"column":21},"end":{"line":44,"column":40}},"30":{"start":{"line":45,"column":17},"end":{"line":45,"column":48}},"31":{"start":{"line":46,"column":4},"end":{"line":49,"column":5}},"32":{"start":{"line":47,"column":8},"end":{"line":47,"column":57}},"33":{"start":{"line":48,"column":8},"end":{"line":48,"column":15}},"34":{"start":{"line":51,"column":4},"end":{"line":54,"column":5}},"35":{"start":{"line":52,"column":8},"end":{"line":52,"column":66}},"36":{"start":{"line":53,"column":8},"end":{"line":53,"column":14}},"37":{"start":{"line":56,"column":24},"end":{"line":56,"column":94}},"38":{"start":{"line":57,"column":4},"end":{"line":57,"column":28}},"39":{"start":{"line":60,"column":0},"end":{"line":60,"column":23}}},"fnMap":{"0":{"name":"(anonymous_0)","decl":{"start":{"line":9,"column":46},"end":{"line":9,"column":47}},"loc":{"start":{"line":9,"column":65},"end":{"line":14,"column":1}},"line":9},"1":{"name":"(anonymous_1)","decl":{"start":{"line":16,"column":56},"end":{"line":16,"column":57}},"loc":{"start":{"line":16,"column":76},"end":{"line":21,"column":1}},"line":16},"2":{"name":"(anonymous_2)","decl":{"start":{"line":23,"column":65},"end":{"line":23,"column":66}},"loc":{"start":{"line":23,"column":85},"end":{"line":40,"column":1}},"line":23},"3":{"name":"(anonymous_3)","decl":{"start":{"line":43,"column":68},"end":{"line":43,"column":69}},"loc":{"start":{"line":43,"column":86},"end":{"line":58,"column":1}},"line":43}},"branchMap":{"0":{"loc":{"start":{"line":27,"column":4},"end":{"line":30,"column":5}},"type":"if","locations":[{"start":{"line":27,"column":4},"end":{"line":30,"column":5}},{"start":{},"end":{}}],"line":27},"1":{"loc":{"start":{"line":32,"column":4},"end":{"line":35,"column":5}},"type":"if","locations":[{"start":{"line":32,"column":4},"end":{"line":35,"column":5}},{"start":{},"end":{}}],"line":32},"2":{"loc":{"start":{"line":46,"column":4},"end":{"line":49,"column":5}},"type":"if","locations":[{"start":{"line":46,"column":4},"end":{"line":49,"column":5}},{"start":{},"end":{}}],"line":46},"3":{"loc":{"start":{"line":51,"column":4},"end":{"line":54,"column":5}},"type":"if","locations":[{"start":{"line":51,"column":4},"end":{"line":54,"column":5}},{"start":{},"end":{}}],"line":51}},"s":{"0":1,"1":1,"2":1,"3":1,"4":1,"5":1,"6":1,"7":1,"8":1,"9":1,"10":1,"11":1,"12":1,"13":1,"14":1,"15":1,"16":1,"17":1,"18":0,"19":0,"20":0,"21":0,"22":0,"23":0,"24":0,"25":0,"26":0,"27":0,"28":1,"29":2,"30":2,"31":2,"32":0,"33":0,"34":2,"35":1,"36":1,"37":1,"38":1,"39":1},"f":{"0":1,"1":1,"2":0,"3":2},"b":{"0":[0,0],"1":[0,0],"2":[0,2],"3":[1,1]},"_coverageSchema":"1a1c01bbd47fc00a2c39e90264f33305004495a9","hash":"cdc38768a9f4c7169b9b17a366ce998625614a0e"}
,"C:\\Users\\DANYZ\\OneDrive\\Documentos\\ITESO\\Continuo\\Proyecto\\azure-dev-recipes\\routes\\userRoutes.js": {"path":"C:\\Users\\DANYZ\\OneDrive\\Documentos\\ITESO\\Continuo\\Proyecto\\azure-dev-recipes\\routes\\userRoutes.js","statementMap":{"0":{"start":{"line":1,"column":15},"end":{"line":1,"column":42}},"1":{"start":{"line":2,"column":15},"end":{"line":2,"column":40}},"2":{"start":{"line":3,"column":13},"end":{"line":3,"column":42}},"3":{"start":{"line":4,"column":11},"end":{"line":4,"column":24}},"4":{"start":{"line":5,"column":15},"end":{"line":5,"column":32}},"5":{"start":{"line":9,"column":0},"end":{"line":30,"column":2}},"6":{"start":{"line":10,"column":4},"end":{"line":10,"column":27}},"7":{"start":{"line":13,"column":18},"end":{"line":13,"column":20}},"8":{"start":{"line":19,"column":60},"end":{"line":19,"column":69}},"9":{"start":{"line":20,"column":4},"end":{"line":20,"column":29}},"10":{"start":{"line":22,"column":4},"end":{"line":24,"column":5}},"11":{"start":{"line":23,"column":8},"end":{"line":23,"column":45}},"12":{"start":{"line":26,"column":24},"end":{"line":26,"column":69}},"13":{"start":{"line":29,"column":4},"end":{"line":29,"column":27}},"14":{"start":{"line":34,"column":0},"end":{"line":42,"column":2}},"15":{"start":{"line":35,"column":4},"end":{"line":35,"column":31}},"16":{"start":{"line":36,"column":15},"end":{"line":36,"column":54}},"17":{"start":{"line":37,"column":4},"end":{"line":40,"column":5}},"18":{"start":{"line":38,"column":8},"end":{"line":38,"column":55}},"19":{"start":{"line":39,"column":8},"end":{"line":39,"column":15}},"20":{"start":{"line":41,"column":4},"end":{"line":41,"column":18}},"21":{"start":{"line":44,"column":0},"end":{"line":52,"column":2}},"22":{"start":{"line":45,"column":4},"end":{"line":45,"column":25}},"23":{"start":{"line":46,"column":15},"end":{"line":46,"column":47}},"24":{"start":{"line":47,"column":4},"end":{"line":50,"column":5}},"25":{"start":{"line":48,"column":8},"end":{"line":48,"column":55}},"26":{"start":{"line":49,"column":8},"end":{"line":49,"column":15}},"27":{"start":{"line":51,"column":4},"end":{"line":51,"column":18}},"28":{"start":{"line":56,"column":0},"end":{"line":64,"column":2}},"29":{"start":{"line":57,"column":4},"end":{"line":57,"column":37}},"30":{"start":{"line":58,"column":15},"end":{"line":58,"column":55}},"31":{"start":{"line":59,"column":4},"end":{"line":62,"column":5}},"32":{"start":{"line":60,"column":8},"end":{"line":60,"column":55}},"33":{"start":{"line":61,"column":8},"end":{"line":61,"column":15}},"34":{"start":{"line":63,"column":4},"end":{"line":63,"column":18}},"35":{"start":{"line":67,"column":0},"end":{"line":94,"column":2}},"36":{"start":{"line":68,"column":4},"end":{"line":68,"column":26}},"37":{"start":{"line":70,"column":18},"end":{"line":70,"column":32}},"38":{"start":{"line":72,"column":15},"end":{"line":72,"column":41}},"39":{"start":{"line":73,"column":4},"end":{"line":76,"column":5}},"40":{"start":{"line":74,"column":8},"end":{"line":74,"column":52}},"41":{"start":{"line":75,"column":8},"end":{"line":75,"column":14}},"42":{"start":{"line":78,"column":4},"end":{"line":80,"column":5}},"43":{"start":{"line":79,"column":8},"end":{"line":79,"column":34}},"44":{"start":{"line":82,"column":18},"end":{"line":82,"column":26}},"45":{"start":{"line":84,"column":18},"end":{"line":84,"column":46}},"46":{"start":{"line":88,"column":4},"end":{"line":88,"column":33}},"47":{"start":{"line":89,"column":4},"end":{"line":89,"column":10}},"48":{"start":{"line":98,"column":0},"end":{"line":115,"column":2}},"49":{"start":{"line":100,"column":19},"end":{"line":100,"column":26}},"50":{"start":{"line":102,"column":4},"end":{"line":114,"column":5}},"51":{"start":{"line":103,"column":27},"end":{"line":103,"column":88}},"52":{"start":{"line":105,"column":8},"end":{"line":108,"column":9}},"53":{"start":{"line":106,"column":12},"end":{"line":106,"column":62}},"54":{"start":{"line":107,"column":12},"end":{"line":107,"column":19}},"55":{"start":{"line":110,"column":8},"end":{"line":110,"column":29}},"56":{"start":{"line":112,"column":8},"end":{"line":112,"column":53}},"57":{"start":{"line":113,"column":8},"end":{"line":113,"column":65}},"58":{"start":{"line":117,"column":0},"end":{"line":130,"column":3}},"59":{"start":{"line":118,"column":45},"end":{"line":118,"column":53}},"60":{"start":{"line":120,"column":17},"end":{"line":120,"column":53}},"61":{"start":{"line":121,"column":4},"end":{"line":124,"column":5}},"62":{"start":{"line":122,"column":8},"end":{"line":122,"column":73}},"63":{"start":{"line":123,"column":8},"end":{"line":123,"column":15}},"64":{"start":{"line":126,"column":4},"end":{"line":126,"column":53}},"65":{"start":{"line":127,"column":4},"end":{"line":127,"column":22}},"66":{"start":{"line":129,"column":4},"end":{"line":129,"column":71}},"67":{"start":{"line":133,"column":0},"end":{"line":150,"column":2}},"68":{"start":{"line":135,"column":4},"end":{"line":139,"column":5}},"69":{"start":{"line":137,"column":8},"end":{"line":137,"column":66}},"70":{"start":{"line":138,"column":8},"end":{"line":138,"column":15}},"71":{"start":{"line":140,"column":13},"end":{"line":140,"column":55}},"72":{"start":{"line":143,"column":4},"end":{"line":146,"column":5}},"73":{"start":{"line":144,"column":8},"end":{"line":144,"column":55}},"74":{"start":{"line":145,"column":8},"end":{"line":145,"column":14}},"75":{"start":{"line":149,"column":4},"end":{"line":149,"column":19}},"76":{"start":{"line":153,"column":0},"end":{"line":166,"column":3}},"77":{"start":{"line":154,"column":4},"end":{"line":165,"column":5}},"78":{"start":{"line":155,"column":23},"end":{"line":155,"column":40}},"79":{"start":{"line":156,"column":19},"end":{"line":156,"column":51}},"80":{"start":{"line":157,"column":29},"end":{"line":157,"column":37}},"81":{"start":{"line":160,"column":8},"end":{"line":160,"column":99}},"82":{"start":{"line":162,"column":8},"end":{"line":162,"column":78}},"83":{"start":{"line":164,"column":8},"end":{"line":164,"column":85}},"84":{"start":{"line":169,"column":0},"end":{"line":182,"column":3}},"85":{"start":{"line":170,"column":4},"end":{"line":181,"column":5}},"86":{"start":{"line":171,"column":23},"end":{"line":171,"column":40}},"87":{"start":{"line":172,"column":19},"end":{"line":172,"column":51}},"88":{"start":{"line":173,"column":29},"end":{"line":173,"column":37}},"89":{"start":{"line":176,"column":8},"end":{"line":176,"column":95}},"90":{"start":{"line":178,"column":8},"end":{"line":178,"column":83}},"91":{"start":{"line":180,"column":8},"end":{"line":180,"column":97}},"92":{"start":{"line":184,"column":0},"end":{"line":184,"column":24}}},"fnMap":{"0":{"name":"(anonymous_0)","decl":{"start":{"line":9,"column":57},"end":{"line":9,"column":58}},"loc":{"start":{"line":9,"column":74},"end":{"line":30,"column":1}},"line":9},"1":{"name":"(anonymous_1)","decl":{"start":{"line":34,"column":20},"end":{"line":34,"column":21}},"loc":{"start":{"line":34,"column":38},"end":{"line":42,"column":1}},"line":34},"2":{"name":"(anonymous_2)","decl":{"start":{"line":44,"column":56},"end":{"line":44,"column":57}},"loc":{"start":{"line":44,"column":74},"end":{"line":52,"column":1}},"line":44},"3":{"name":"(anonymous_3)","decl":{"start":{"line":56,"column":34},"end":{"line":56,"column":35}},"loc":{"start":{"line":56,"column":52},"end":{"line":64,"column":1}},"line":56},"4":{"name":"(anonymous_4)","decl":{"start":{"line":67,"column":17},"end":{"line":67,"column":18}},"loc":{"start":{"line":67,"column":34},"end":{"line":94,"column":1}},"line":67},"5":{"name":"(anonymous_5)","decl":{"start":{"line":98,"column":52},"end":{"line":98,"column":53}},"loc":{"start":{"line":98,"column":69},"end":{"line":115,"column":1}},"line":98},"6":{"name":"(anonymous_6)","decl":{"start":{"line":117,"column":61},"end":{"line":117,"column":62}},"loc":{"start":{"line":117,"column":81},"end":{"line":130,"column":1}},"line":117},"7":{"name":"(anonymous_7)","decl":{"start":{"line":133,"column":67},"end":{"line":133,"column":68}},"loc":{"start":{"line":133,"column":85},"end":{"line":150,"column":1}},"line":133},"8":{"name":"(anonymous_8)","decl":{"start":{"line":153,"column":72},"end":{"line":153,"column":73}},"loc":{"start":{"line":153,"column":92},"end":{"line":166,"column":1}},"line":153},"9":{"name":"(anonymous_9)","decl":{"start":{"line":169,"column":74},"end":{"line":169,"column":75}},"loc":{"start":{"line":169,"column":94},"end":{"line":182,"column":1}},"line":169}},"branchMap":{"0":{"loc":{"start":{"line":22,"column":4},"end":{"line":24,"column":5}},"type":"if","locations":[{"start":{"line":22,"column":4},"end":{"line":24,"column":5}},{"start":{},"end":{}}],"line":22},"1":{"loc":{"start":{"line":37,"column":4},"end":{"line":40,"column":5}},"type":"if","locations":[{"start":{"line":37,"column":4},"end":{"line":40,"column":5}},{"start":{},"end":{}}],"line":37},"2":{"loc":{"start":{"line":47,"column":4},"end":{"line":50,"column":5}},"type":"if","locations":[{"start":{"line":47,"column":4},"end":{"line":50,"column":5}},{"start":{},"end":{}}],"line":47},"3":{"loc":{"start":{"line":59,"column":4},"end":{"line":62,"column":5}},"type":"if","locations":[{"start":{"line":59,"column":4},"end":{"line":62,"column":5}},{"start":{},"end":{}}],"line":59},"4":{"loc":{"start":{"line":73,"column":4},"end":{"line":76,"column":5}},"type":"if","locations":[{"start":{"line":73,"column":4},"end":{"line":76,"column":5}},{"start":{},"end":{}}],"line":73},"5":{"loc":{"start":{"line":78,"column":4},"end":{"line":80,"column":5}},"type":"if","locations":[{"start":{"line":78,"column":4},"end":{"line":80,"column":5}},{"start":{},"end":{}}],"line":78},"6":{"loc":{"start":{"line":105,"column":8},"end":{"line":108,"column":9}},"type":"if","locations":[{"start":{"line":105,"column":8},"end":{"line":108,"column":9}},{"start":{},"end":{}}],"line":105},"7":{"loc":{"start":{"line":121,"column":4},"end":{"line":124,"column":5}},"type":"if","locations":[{"start":{"line":121,"column":4},"end":{"line":124,"column":5}},{"start":{},"end":{}}],"line":121},"8":{"loc":{"start":{"line":121,"column":8},"end":{"line":121,"column":68}},"type":"binary-expr","locations":[{"start":{"line":121,"column":8},"end":{"line":121,"column":13}},{"start":{"line":121,"column":17},"end":{"line":121,"column":68}}],"line":121},"9":{"loc":{"start":{"line":135,"column":4},"end":{"line":139,"column":5}},"type":"if","locations":[{"start":{"line":135,"column":4},"end":{"line":139,"column":5}},{"start":{},"end":{}}],"line":135},"10":{"loc":{"start":{"line":143,"column":4},"end":{"line":146,"column":5}},"type":"if","locations":[{"start":{"line":143,"column":4},"end":{"line":146,"column":5}},{"start":{},"end":{}}],"line":143}},"s":{"0":1,"1":1,"2":1,"3":1,"4":1,"5":1,"6":1,"7":1,"8":1,"9":1,"10":1,"11":0,"12":1,"13":1,"14":1,"15":0,"16":0,"17":0,"18":0,"19":0,"20":0,"21":1,"22":0,"23":0,"24":0,"25":0,"26":0,"27":0,"28":1,"29":0,"30":0,"31":0,"32":0,"33":0,"34":0,"35":1,"36":2,"37":2,"38":2,"39":2,"40":1,"41":1,"42":1,"43":0,"44":1,"45":1,"46":1,"47":1,"48":1,"49":0,"50":0,"51":0,"52":0,"53":0,"54":0,"55":0,"56":0,"57":0,"58":1,"59":2,"60":2,"61":2,"62":1,"63":1,"64":1,"65":1,"66":1,"67":1,"68":2,"69":1,"70":1,"71":1,"72":1,"73":0,"74":0,"75":1,"76":1,"77":0,"78":0,"79":0,"80":0,"81":0,"82":0,"83":0,"84":1,"85":0,"86":0,"87":0,"88":0,"89":0,"90":0,"91":0,"92":1},"f":{"0":1,"1":0,"2":0,"3":0,"4":2,"5":0,"6":2,"7":2,"8":0,"9":0},"b":{"0":[0,1],"1":[0,0],"2":[0,0],"3":[0,0],"4":[1,1],"5":[0,1],"6":[0,0],"7":[1,1],"8":[2,2],"9":[1,1],"10":[0,1]},"_coverageSchema":"1a1c01bbd47fc00a2c39e90264f33305004495a9","hash":"788389a77bd1d899f987a7accf1c5934cc11bb8d"}
}
